<link rel="stylesheet" type="text/css" href="log.css"/>

    <div  class="LOG INFO">
        <span class="DATE">Mon, 14 Dec 2015 18:32:50</span>
        <span class="LEVEL">INFO</span>
        <span class="MSG">: Overall finplate connection design is safe 
</span>
    </div>

    <div  class="LOG DEBUG">
        <span class="DATE">Mon, 14 Dec 2015 18:32:50</span>
        <span class="LEVEL">DEBUG</span>
        <span class="MSG"> :=========End Of design===========</span>
    </div>

    <div  class="LOG INFO">
        <span class="DATE">Mon, 14 Dec 2015 18:32:50</span>
        <span class="LEVEL">INFO</span>
        <span class="MSG">: Overall finplate connection design is safe 
</span>
    </div>

    <div  class="LOG DEBUG">
        <span class="DATE">Mon, 14 Dec 2015 18:32:50</span>
        <span class="LEVEL">DEBUG</span>
        <span class="MSG"> :=========End Of design===========</span>
    </div>

    <div  class="LOG INFO">
        <span class="DATE">Mon, 14 Dec 2015 18:32:51</span>
        <span class="LEVEL">INFO</span>
        <span class="MSG">: Overall finplate connection design is safe 
</span>
    </div>

    <div  class="LOG DEBUG">
        <span class="DATE">Mon, 14 Dec 2015 18:32:51</span>
        <span class="LEVEL">DEBUG</span>
        <span class="MSG"> :=========End Of design===========</span>
    </div>
